# JRE version: OpenJDK Runtime Environment (17.0.11) (build 17.0.11+0--11852314)
# Java VM: OpenJDK 64-Bit Server VM (17.0.11+0--11852314, mixed mode, tiered, compressed oops, compressed class ptrs, g1 gc, windows-amd64)
GC Precious Log:
 CPUs: 12 total, 12 available
 Memory: 16068M
 Large Page Support: Disabled
 NUMA Support: Disabled
 Compressed Oops: Enabled (32-bit)
 Heap Region Size: 1M
 Heap Min Capacity: 8M
 Heap Initial Capacity: 252M
 Heap Max Capacity: 2G
 Pre-touch: Disabled
 Parallel Workers: 10
 Concurrent Workers: 3
 Concurrent Refinement Workers: 10
 Periodic GC: Disabled
Heap:
 garbage-first heap   total 382976K, used 284214K [0x0000000080000000, 0x0000000100000000)
  region size 1024K, 64 young (65536K), 14 survivors (14336K)
 Metaspace       used 194069K, committed 195200K, reserved 1245184K
  class space    used 24886K, committed 25472K, reserved 1048576K
GC Heap History (20 events):
Event: 34.403 GC heap before
{Heap before GC invocations=65 (full 0):
 garbage-first heap   total 357376K, used 283572K [0x0000000080000000, 0x0000000100000000)
  region size 1024K, 80 young (81920K), 7 survivors (7168K)
 Metaspace       used 183589K, committed 184512K, reserved 1245184K
  class space    used 23709K, committed 24128K, reserved 1048576K
}
Event: 34.410 GC heap after
{Heap after GC invocations=66 (full 0):
 garbage-first heap   total 357376K, used 208570K [0x0000000080000000, 0x0000000100000000)
  region size 1024K, 8 young (8192K), 8 survivors (8192K)
 Metaspace       used 183589K, committed 184512K, reserved 1245184K
  class space    used 23709K, committed 24128K, reserved 1048576K
}
Event: 34.487 GC heap before
{Heap before GC invocations=66 (full 0):
 garbage-first heap   total 357376K, used 216762K [0x0000000080000000, 0x0000000100000000)
  region size 1024K, 17 young (17408K), 8 survivors (8192K)
 Metaspace       used 183900K, committed 184896K, reserved 1245184K
  class space    used 23750K, committed 24192K, reserved 1048576K
}
Event: 34.494 GC heap after
{Heap after GC invocations=67 (full 0):
 garbage-first heap   total 357376K, used 206617K [0x0000000080000000, 0x0000000100000000)
  region size 1024K, 2 young (2048K), 2 survivors (2048K)
 Metaspace       used 183900K, committed 184896K, reserved 1245184K
  class space    used 23750K, committed 24192K, reserved 1048576K
}
Event: 1236.013 GC heap before
{Heap before GC invocations=67 (full 0):
 garbage-first heap   total 357376K, used 301849K [0x0000000080000000, 0x0000000100000000)
  region size 1024K, 95 young (97280K), 2 survivors (2048K)
 Metaspace       used 186659K, committed 187712K, reserved 1245184K
  class space    used 24078K, committed 24576K, reserved 1048576K
}
Event: 1236.018 GC heap after
{Heap after GC invocations=68 (full 0):
 garbage-first heap   total 357376K, used 211147K [0x0000000080000000, 0x0000000100000000)
  region size 1024K, 7 young (7168K), 7 survivors (7168K)
 Metaspace       used 186659K, committed 187712K, reserved 1245184K
  class space    used 24078K, committed 24576K, reserved 1048576K
}
Event: 1322.932 GC heap before
{Heap before GC invocations=68 (full 0):
 garbage-first heap   total 357376K, used 300235K [0x0000000080000000, 0x0000000100000000)
  region size 1024K, 95 young (97280K), 7 survivors (7168K)
 Metaspace       used 187668K, committed 188864K, reserved 1245184K
  class space    used 24147K, committed 24704K, reserved 1048576K
}
Event: 1322.941 GC heap after
{Heap after GC invocations=69 (full 0):
 garbage-first heap   total 357376K, used 220858K [0x0000000080000000, 0x0000000100000000)
  region size 1024K, 12 young (12288K), 12 survivors (12288K)
 Metaspace       used 187668K, committed 188864K, reserved 1245184K
  class space    used 24147K, committed 24704K, reserved 1048576K
}
Event: 1597.319 GC heap before
{Heap before GC invocations=69 (full 0):
 garbage-first heap   total 357376K, used 300730K [0x0000000080000000, 0x0000000100000000)
  region size 1024K, 90 young (92160K), 12 survivors (12288K)
 Metaspace       used 188183K, committed 189440K, reserved 1245184K
  class space    used 24173K, committed 24768K, reserved 1048576K
}
Event: 1597.330 GC heap after
{Heap after GC invocations=70 (full 0):
 garbage-first heap   total 357376K, used 229835K [0x0000000080000000, 0x0000000100000000)
  region size 1024K, 9 young (9216K), 9 survivors (9216K)
 Metaspace       used 188183K, committed 189440K, reserved 1245184K
  class space    used 24173K, committed 24768K, reserved 1048576K
}
Event: 2116.366 GC heap before
{Heap before GC invocations=70 (full 0):
 garbage-first heap   total 357376K, used 300491K [0x0000000080000000, 0x0000000100000000)
  region size 1024K, 79 young (80896K), 9 survivors (9216K)
 Metaspace       used 188371K, committed 189568K, reserved 1245184K
  class space    used 24175K, committed 24768K, reserved 1048576K
}
Event: 2116.373 GC heap after
{Heap after GC invocations=71 (full 0):
 garbage-first heap   total 357376K, used 227904K [0x0000000080000000, 0x0000000100000000)
  region size 1024K, 3 young (3072K), 3 survivors (3072K)
 Metaspace       used 188371K, committed 189568K, reserved 1245184K
  class space    used 24175K, committed 24768K, reserved 1048576K
}
Event: 3288.257 GC heap before
{Heap before GC invocations=72 (full 0):
 garbage-first heap   total 380928K, used 301632K [0x0000000080000000, 0x0000000100000000)
  region size 1024K, 77 young (78848K), 3 survivors (3072K)
 Metaspace       used 188959K, committed 190080K, reserved 1245184K
  class space    used 24233K, committed 24768K, reserved 1048576K
}
Event: 3288.267 GC heap after
{Heap after GC invocations=73 (full 0):
 garbage-first heap   total 380928K, used 231646K [0x0000000080000000, 0x0000000100000000)
  region size 1024K, 8 young (8192K), 8 survivors (8192K)
 Metaspace       used 188959K, committed 190080K, reserved 1245184K
  class space    used 24233K, committed 24768K, reserved 1048576K
}
Event: 3288.442 GC heap before
{Heap before GC invocations=73 (full 0):
 garbage-first heap   total 380928K, used 240862K [0x0000000080000000, 0x0000000100000000)
  region size 1024K, 18 young (18432K), 8 survivors (8192K)
 Metaspace       used 189502K, committed 190656K, reserved 1245184K
  class space    used 24320K, committed 24896K, reserved 1048576K
}
Event: 3288.492 GC heap after
{Heap after GC invocations=74 (full 0):
 garbage-first heap   total 380928K, used 212121K [0x0000000080000000, 0x0000000100000000)
  region size 1024K, 2 young (2048K), 2 survivors (2048K)
 Metaspace       used 189502K, committed 190656K, reserved 1245184K
  class space    used 24320K, committed 24896K, reserved 1048576K
}
Event: 3288.803 GC heap before
{Heap before GC invocations=74 (full 0):
 garbage-first heap   total 380928K, used 228505K [0x0000000080000000, 0x0000000100000000)
  region size 1024K, 18 young (18432K), 2 survivors (2048K)
 Metaspace       used 190240K, committed 191360K, reserved 1245184K
  class space    used 24418K, committed 24960K, reserved 1048576K
}
Event: 3288.816 GC heap after
{Heap after GC invocations=75 (full 0):
 garbage-first heap   total 380928K, used 206681K [0x0000000080000000, 0x0000000100000000)
  region size 1024K, 3 young (3072K), 3 survivors (3072K)
 Metaspace       used 190240K, committed 191360K, reserved 1245184K
  class space    used 24418K, committed 24960K, reserved 1048576K
}
Event: 3290.949 GC heap before
{Heap before GC invocations=75 (full 0):
 garbage-first heap   total 380928K, used 292697K [0x0000000080000000, 0x0000000100000000)
  region size 1024K, 89 young (91136K), 3 survivors (3072K)
 Metaspace       used 193762K, committed 194944K, reserved 1245184K
  class space    used 24893K, committed 25472K, reserved 1048576K
}
Event: 3290.959 GC heap after
{Heap after GC invocations=76 (full 0):
 garbage-first heap   total 380928K, used 222774K [0x0000000080000000, 0x0000000100000000)
  region size 1024K, 14 young (14336K), 14 survivors (14336K)
 Metaspace       used 193762K, committed 194944K, reserved 1245184K
  class space    used 24893K, committed 25472K, reserved 1048576K
}

