# JRE version: OpenJDK Runtime Environment (17.0.11) (build 17.0.11+0--11852314)
# Java VM: OpenJDK 64-Bit Server VM (17.0.11+0--11852314, mixed mode, tiered, compressed oops, compressed class ptrs, g1 gc, windows-amd64)
GC Precious Log:
 CPUs: 12 total, 12 available
 Memory: 16068M
 Large Page Support: Disabled
 NUMA Support: Disabled
 Compressed Oops: Enabled (32-bit)
 Heap Region Size: 1M
 Heap Min Capacity: 8M
 Heap Initial Capacity: 252M
 Heap Max Capacity: 2G
 Pre-touch: Disabled
 Parallel Workers: 10
 Concurrent Workers: 3
 Concurrent Refinement Workers: 10
 Periodic GC: Disabled
Heap:
 garbage-first heap   total 367616K, used 235869K [0x0000000080000000, 0x0000000100000000)
  region size 1024K, 127 young (130048K), 14 survivors (14336K)
 Metaspace       used 104506K, committed 105280K, reserved 1179648K
  class space    used 14170K, committed 14528K, reserved 1048576K
GC Heap History (20 events):
Event: 5.860 GC heap before
{Heap before GC invocations=30 (full 0):
 garbage-first heap   total 148480K, used 99420K [0x0000000080000000, 0x0000000100000000)
  region size 1024K, 45 young (46080K), 5 survivors (5120K)
 Metaspace       used 69736K, committed 70336K, reserved 1114112K
  class space    used 9498K, committed 9792K, reserved 1048576K
}
Event: 5.863 GC heap after
{Heap after GC invocations=31 (full 0):
 garbage-first heap   total 182272K, used 60737K [0x0000000080000000, 0x0000000100000000)
  region size 1024K, 5 young (5120K), 5 survivors (5120K)
 Metaspace       used 69736K, committed 70336K, reserved 1114112K
  class space    used 9498K, committed 9792K, reserved 1048576K
}
Event: 6.377 GC heap before
{Heap before GC invocations=31 (full 0):
 garbage-first heap   total 182272K, used 121153K [0x0000000080000000, 0x0000000100000000)
  region size 1024K, 64 young (65536K), 5 survivors (5120K)
 Metaspace       used 75045K, committed 75712K, reserved 1114112K
  class space    used 10227K, committed 10560K, reserved 1048576K
}
Event: 6.382 GC heap after
{Heap after GC invocations=32 (full 0):
 garbage-first heap   total 182272K, used 65483K [0x0000000080000000, 0x0000000100000000)
  region size 1024K, 7 young (7168K), 7 survivors (7168K)
 Metaspace       used 75045K, committed 75712K, reserved 1114112K
  class space    used 10227K, committed 10560K, reserved 1048576K
}
Event: 6.980 GC heap before
{Heap before GC invocations=33 (full 0):
 garbage-first heap   total 182272K, used 131019K [0x0000000080000000, 0x0000000100000000)
  region size 1024K, 71 young (72704K), 7 survivors (7168K)
 Metaspace       used 79231K, committed 79872K, reserved 1179648K
  class space    used 10877K, committed 11200K, reserved 1048576K
}
Event: 6.985 GC heap after
{Heap after GC invocations=34 (full 0):
 garbage-first heap   total 182272K, used 67356K [0x0000000080000000, 0x0000000100000000)
  region size 1024K, 7 young (7168K), 7 survivors (7168K)
 Metaspace       used 79231K, committed 79872K, reserved 1179648K
  class space    used 10877K, committed 11200K, reserved 1048576K
}
Event: 6.997 GC heap before
{Heap before GC invocations=34 (full 0):
 garbage-first heap   total 182272K, used 68380K [0x0000000080000000, 0x0000000100000000)
  region size 1024K, 8 young (8192K), 7 survivors (7168K)
 Metaspace       used 79298K, committed 79936K, reserved 1179648K
  class space    used 10890K, committed 11200K, reserved 1048576K
}
Event: 7.000 GC heap after
{Heap after GC invocations=35 (full 0):
 garbage-first heap   total 182272K, used 67248K [0x0000000080000000, 0x0000000100000000)
  region size 1024K, 1 young (1024K), 1 survivors (1024K)
 Metaspace       used 79298K, committed 79936K, reserved 1179648K
  class space    used 10890K, committed 11200K, reserved 1048576K
}
Event: 7.496 GC heap before
{Heap before GC invocations=35 (full 0):
 garbage-first heap   total 182272K, used 130736K [0x0000000080000000, 0x0000000100000000)
  region size 1024K, 63 young (64512K), 1 survivors (1024K)
 Metaspace       used 84197K, committed 84928K, reserved 1179648K
  class space    used 11703K, committed 12032K, reserved 1048576K
}
Event: 7.500 GC heap after
{Heap after GC invocations=36 (full 0):
 garbage-first heap   total 182272K, used 69288K [0x0000000080000000, 0x0000000100000000)
  region size 1024K, 3 young (3072K), 3 survivors (3072K)
 Metaspace       used 84197K, committed 84928K, reserved 1179648K
  class space    used 11703K, committed 12032K, reserved 1048576K
}
Event: 8.031 GC heap before
{Heap before GC invocations=37 (full 0):
 garbage-first heap   total 182272K, used 134824K [0x0000000080000000, 0x0000000100000000)
  region size 1024K, 67 young (68608K), 3 survivors (3072K)
 Metaspace       used 89850K, committed 90560K, reserved 1179648K
  class space    used 12538K, committed 12864K, reserved 1048576K
}
Event: 8.035 GC heap after
{Heap after GC invocations=38 (full 0):
 garbage-first heap   total 182272K, used 72466K [0x0000000080000000, 0x0000000100000000)
  region size 1024K, 7 young (7168K), 7 survivors (7168K)
 Metaspace       used 89850K, committed 90560K, reserved 1179648K
  class space    used 12538K, committed 12864K, reserved 1048576K
}
Event: 8.048 GC heap before
{Heap before GC invocations=38 (full 0):
 garbage-first heap   total 182272K, used 73490K [0x0000000080000000, 0x0000000100000000)
  region size 1024K, 8 young (8192K), 7 survivors (7168K)
 Metaspace       used 89940K, committed 90624K, reserved 1179648K
  class space    used 12549K, committed 12864K, reserved 1048576K
}
Event: 8.052 GC heap after
{Heap after GC invocations=39 (full 0):
 garbage-first heap   total 182272K, used 72688K [0x0000000080000000, 0x0000000100000000)
  region size 1024K, 1 young (1024K), 1 survivors (1024K)
 Metaspace       used 89940K, committed 90624K, reserved 1179648K
  class space    used 12549K, committed 12864K, reserved 1048576K
}
Event: 8.622 GC heap before
{Heap before GC invocations=39 (full 0):
 garbage-first heap   total 182272K, used 139248K [0x0000000080000000, 0x0000000100000000)
  region size 1024K, 66 young (67584K), 1 survivors (1024K)
 Metaspace       used 93425K, committed 94208K, reserved 1179648K
  class space    used 13115K, committed 13504K, reserved 1048576K
}
Event: 8.628 GC heap after
{Heap after GC invocations=40 (full 0):
 garbage-first heap   total 367616K, used 78656K [0x0000000080000000, 0x0000000100000000)
  region size 1024K, 7 young (7168K), 7 survivors (7168K)
 Metaspace       used 93425K, committed 94208K, reserved 1179648K
  class space    used 13115K, committed 13504K, reserved 1048576K
}
Event: 10.077 GC heap before
{Heap before GC invocations=40 (full 0):
 garbage-first heap   total 367616K, used 258880K [0x0000000080000000, 0x0000000100000000)
  region size 1024K, 162 young (165888K), 7 survivors (7168K)
 Metaspace       used 97094K, committed 97856K, reserved 1179648K
  class space    used 13400K, committed 13760K, reserved 1048576K
}
Event: 10.094 GC heap after
{Heap after GC invocations=41 (full 0):
 garbage-first heap   total 367616K, used 109414K [0x0000000080000000, 0x0000000100000000)
  region size 1024K, 21 young (21504K), 21 survivors (21504K)
 Metaspace       used 97094K, committed 97856K, reserved 1179648K
  class space    used 13400K, committed 13760K, reserved 1048576K
}
Event: 10.715 GC heap before
{Heap before GC invocations=41 (full 0):
 garbage-first heap   total 367616K, used 273254K [0x0000000080000000, 0x0000000100000000)
  region size 1024K, 165 young (168960K), 21 survivors (21504K)
 Metaspace       used 101482K, committed 102208K, reserved 1179648K
  class space    used 13843K, committed 14208K, reserved 1048576K
}
Event: 10.727 GC heap after
{Heap after GC invocations=42 (full 0):
 garbage-first heap   total 367616K, used 122205K [0x0000000080000000, 0x0000000100000000)
  region size 1024K, 14 young (14336K), 14 survivors (14336K)
 Metaspace       used 101482K, committed 102208K, reserved 1179648K
  class space    used 13843K, committed 14208K, reserved 1048576K
}

