# JRE version: OpenJDK Runtime Environment (17.0.11) (build 17.0.11+0--11852314)
# Java VM: OpenJDK 64-Bit Server VM (17.0.11+0--11852314, mixed mode, tiered, compressed oops, compressed class ptrs, g1 gc, windows-amd64)
GC Precious Log:
 CPUs: 12 total, 12 available
 Memory: 16068M
 Large Page Support: Disabled
 NUMA Support: Disabled
 Compressed Oops: Enabled (32-bit)
 Heap Region Size: 1M
 Heap Min Capacity: 8M
 Heap Initial Capacity: 252M
 Heap Max Capacity: 2G
 Pre-touch: Disabled
 Parallel Workers: 10
 Concurrent Workers: 3
 Concurrent Refinement Workers: 10
 Periodic GC: Disabled
Heap:
 garbage-first heap   total 371712K, used 281672K [0x0000000080000000, 0x0000000100000000)
  region size 1024K, 71 young (72704K), 15 survivors (15360K)
 Metaspace       used 119090K, committed 119936K, reserved 1179648K
  class space    used 16409K, committed 16832K, reserved 1048576K
GC Heap History (20 events):
Event: 6.344 GC heap before
{Heap before GC invocations=27 (full 0):
 garbage-first heap   total 184320K, used 146629K [0x0000000080000000, 0x0000000100000000)
  region size 1024K, 77 young (78848K), 2 survivors (2048K)
 Metaspace       used 87002K, committed 87680K, reserved 1179648K
  class space    used 12139K, committed 12480K, reserved 1048576K
}
Event: 6.348 GC heap after
{Heap after GC invocations=28 (full 0):
 garbage-first heap   total 184320K, used 72713K [0x0000000080000000, 0x0000000100000000)
  region size 1024K, 5 young (5120K), 5 survivors (5120K)
 Metaspace       used 87002K, committed 87680K, reserved 1179648K
  class space    used 12139K, committed 12480K, reserved 1048576K
}
Event: 7.009 GC heap before
{Heap before GC invocations=28 (full 0):
 garbage-first heap   total 184320K, used 148489K [0x0000000080000000, 0x0000000100000000)
  region size 1024K, 79 young (80896K), 5 survivors (5120K)
 Metaspace       used 93327K, committed 94080K, reserved 1179648K
  class space    used 13114K, committed 13440K, reserved 1048576K
}
Event: 7.015 GC heap after
{Heap after GC invocations=29 (full 0):
 garbage-first heap   total 184320K, used 78344K [0x0000000080000000, 0x0000000100000000)
  region size 1024K, 10 young (10240K), 10 survivors (10240K)
 Metaspace       used 93327K, committed 94080K, reserved 1179648K
  class space    used 13114K, committed 13440K, reserved 1048576K
}
Event: 7.259 GC heap before
{Heap before GC invocations=29 (full 0):
 garbage-first heap   total 184320K, used 147976K [0x0000000080000000, 0x0000000100000000)
  region size 1024K, 79 young (80896K), 10 survivors (10240K)
 Metaspace       used 93656K, committed 94400K, reserved 1179648K
  class space    used 13156K, committed 13504K, reserved 1048576K
}
Event: 7.266 GC heap after
{Heap after GC invocations=30 (full 0):
 garbage-first heap   total 184320K, used 82624K [0x0000000080000000, 0x0000000100000000)
  region size 1024K, 5 young (5120K), 5 survivors (5120K)
 Metaspace       used 93656K, committed 94400K, reserved 1179648K
  class space    used 13156K, committed 13504K, reserved 1048576K
}
Event: 7.395 GC heap before
{Heap before GC invocations=30 (full 0):
 garbage-first heap   total 184320K, used 93888K [0x0000000080000000, 0x0000000100000000)
  region size 1024K, 14 young (14336K), 5 survivors (5120K)
 Metaspace       used 93918K, committed 94656K, reserved 1179648K
  class space    used 13195K, committed 13568K, reserved 1048576K
}
Event: 7.398 GC heap after
{Heap after GC invocations=31 (full 0):
 garbage-first heap   total 184320K, used 86600K [0x0000000080000000, 0x0000000100000000)
  region size 1024K, 5 young (5120K), 5 survivors (5120K)
 Metaspace       used 93918K, committed 94656K, reserved 1179648K
  class space    used 13195K, committed 13568K, reserved 1048576K
}
Event: 7.755 GC heap before
{Heap before GC invocations=31 (full 0):
 garbage-first heap   total 184320K, used 125512K [0x0000000080000000, 0x0000000100000000)
  region size 1024K, 44 young (45056K), 5 survivors (5120K)
 Metaspace       used 96489K, committed 97280K, reserved 1179648K
  class space    used 13374K, committed 13760K, reserved 1048576K
}
Event: 7.761 GC heap after
{Heap after GC invocations=32 (full 0):
 garbage-first heap   total 368640K, used 91282K [0x0000000080000000, 0x0000000100000000)
  region size 1024K, 9 young (9216K), 9 survivors (9216K)
 Metaspace       used 96489K, committed 97280K, reserved 1179648K
  class space    used 13374K, committed 13760K, reserved 1048576K
}
Event: 9.059 GC heap before
{Heap before GC invocations=32 (full 0):
 garbage-first heap   total 368640K, used 322706K [0x0000000080000000, 0x0000000100000000)
  region size 1024K, 202 young (206848K), 9 survivors (9216K)
 Metaspace       used 101416K, committed 102208K, reserved 1179648K
  class space    used 13850K, committed 14208K, reserved 1048576K
}
Event: 9.072 GC heap after
{Heap after GC invocations=33 (full 0):
 garbage-first heap   total 368640K, used 121368K [0x0000000080000000, 0x0000000100000000)
  region size 1024K, 26 young (26624K), 26 survivors (26624K)
 Metaspace       used 101416K, committed 102208K, reserved 1179648K
  class space    used 13850K, committed 14208K, reserved 1048576K
}
Event: 9.817 GC heap before
{Heap before GC invocations=33 (full 0):
 garbage-first heap   total 368640K, used 279064K [0x0000000080000000, 0x0000000100000000)
  region size 1024K, 181 young (185344K), 26 survivors (26624K)
 Metaspace       used 104185K, committed 105024K, reserved 1179648K
  class space    used 14160K, committed 14592K, reserved 1048576K
}
Event: 9.830 GC heap after
{Heap after GC invocations=34 (full 0):
 garbage-first heap   total 368640K, used 125151K [0x0000000080000000, 0x0000000100000000)
  region size 1024K, 10 young (10240K), 10 survivors (10240K)
 Metaspace       used 104185K, committed 105024K, reserved 1179648K
  class space    used 14160K, committed 14592K, reserved 1048576K
}
Event: 10.592 GC heap before
{Heap before GC invocations=34 (full 0):
 garbage-first heap   total 368640K, used 299231K [0x0000000080000000, 0x0000000100000000)
  region size 1024K, 169 young (173056K), 10 survivors (10240K)
 Metaspace       used 109294K, committed 110144K, reserved 1179648K
  class space    used 14826K, committed 15232K, reserved 1048576K
}
Event: 10.600 GC heap after
{Heap after GC invocations=35 (full 0):
 garbage-first heap   total 368640K, used 150059K [0x0000000080000000, 0x0000000100000000)
  region size 1024K, 22 young (22528K), 22 survivors (22528K)
 Metaspace       used 109294K, committed 110144K, reserved 1179648K
  class space    used 14826K, committed 15232K, reserved 1048576K
}
Event: 11.284 GC heap before
{Heap before GC invocations=35 (full 0):
 garbage-first heap   total 368640K, used 324139K [0x0000000080000000, 0x0000000100000000)
  region size 1024K, 160 young (163840K), 22 survivors (22528K)
 Metaspace       used 114558K, committed 115392K, reserved 1179648K
  class space    used 15784K, committed 16192K, reserved 1048576K
}
Event: 11.305 GC heap after
{Heap after GC invocations=36 (full 0):
 garbage-first heap   total 371712K, used 187138K [0x0000000080000000, 0x0000000100000000)
  region size 1024K, 21 young (21504K), 21 survivors (21504K)
 Metaspace       used 114558K, committed 115392K, reserved 1179648K
  class space    used 15784K, committed 16192K, reserved 1048576K
}
Event: 11.715 GC heap before
{Heap before GC invocations=36 (full 0):
 garbage-first heap   total 371712K, used 285442K [0x0000000080000000, 0x0000000100000000)
  region size 1024K, 118 young (120832K), 21 survivors (21504K)
 Metaspace       used 116181K, committed 116992K, reserved 1179648K
  class space    used 16004K, committed 16384K, reserved 1048576K
}
Event: 11.744 GC heap after
{Heap after GC invocations=37 (full 0):
 garbage-first heap   total 371712K, used 226376K [0x0000000080000000, 0x0000000100000000)
  region size 1024K, 15 young (15360K), 15 survivors (15360K)
 Metaspace       used 116181K, committed 116992K, reserved 1179648K
  class space    used 16004K, committed 16384K, reserved 1048576K
}

